Using pre-set license
Built from '2020.3/staging' branch; Version is '2020.3.13f1 (71691879b7f5) revision 7432472'; Using compiler version '192528614'; Build Type 'Release'
OS: 'Windows 10 Pro; OS build 19041.1110; Version 2004; 64bit' Language: 'fr' Physical Memory: 16145 MB
BatchMode: 1, IsHumanControllingUs: 0, StartBugReporterOnCrash: 0, Is64bit: 1, IsPro: 0

 COMMAND LINE ARGUMENTS:
C:\Program Files\Unity\Hub\Editor\2020.3.13f1\Editor\Unity.exe
-adb2
-batchMode
-noUpm
-name
AssetImportWorker0
-projectPath
C:/Users/louka/OneDrive/Documents/DocsExia/Année 4/rattrapage de stage/ClankUnity
-logFile
Logs/AssetImportWorker0.log
-srvPort
59953
Successfully changed project path to: C:/Users/louka/OneDrive/Documents/DocsExia/Année 4/rattrapage de stage/ClankUnity
C:/Users/louka/OneDrive/Documents/DocsExia/Année 4/rattrapage de stage/ClankUnity
Using Asset Import Pipeline V2.
Refreshing native plugins compatible for Editor in 44.66 ms, found 2 plugins.
Preloading 0 native plugins for Editor in 0.00 ms.
Initialize engine version: 2020.3.13f1 (71691879b7f5)
[Subsystems] Discovering subsystems at path C:/Program Files/Unity/Hub/Editor/2020.3.13f1/Editor/Data/Resources/UnitySubsystems
[Subsystems] Discovering subsystems at path C:/Users/louka/OneDrive/Documents/DocsExia/Année 4/rattrapage de stage/ClankUnity/Assets
GfxDevice: creating device client; threaded=0
Direct3D:
    Version:  Direct3D 11.0 [level 11.1]
    Renderer: NVIDIA GeForce RTX 2060 (ID=0x1f15)
    Vendor:   
    VRAM:     5980 MB
    Driver:   30.0.14.7111
Initialize mono
Mono path[0] = 'C:/Program Files/Unity/Hub/Editor/2020.3.13f1/Editor/Data/Managed'
Mono path[1] = 'C:/Program Files/Unity/Hub/Editor/2020.3.13f1/Editor/Data/MonoBleedingEdge/lib/mono/unityjit'
Mono config path = 'C:/Program Files/Unity/Hub/Editor/2020.3.13f1/Editor/Data/MonoBleedingEdge/etc'
Using monoOptions --debugger-agent=transport=dt_socket,embedding=1,server=y,suspend=n,address=127.0.0.1:56016
Begin MonoManager ReloadAssembly
Registering precompiled unity dll's ...
Register platform support module: C:/Program Files/Unity/Hub/Editor/2020.3.13f1/Editor/Data/PlaybackEngines/WebGLSupport/UnityEditor.WebGL.Extensions.dll
Register platform support module: C:/Program Files/Unity/Hub/Editor/2020.3.13f1/Editor/Data/PlaybackEngines/WindowsStandaloneSupport/UnityEditor.WindowsStandalone.Extensions.dll
Registered in 0.005714 seconds.
Native extension for WindowsStandalone target not found
Native extension for WebGL target not found
Refreshing native plugins compatible for Editor in 42.58 ms, found 2 plugins.
Preloading 0 native plugins for Editor in 0.00 ms.
Mono: successfully reloaded assembly
- Completed reload, in  1.943 seconds
Platform modules already initialized, skipping
Registering precompiled user dll's ...
Registered in 0.006766 seconds.
Begin MonoManager ReloadAssembly
Native extension for WindowsStandalone target not found
Native extension for WebGL target not found
Refreshing native plugins compatible for Editor in 0.36 ms, found 2 plugins.
Preloading 0 native plugins for Editor in 0.00 ms.
Mono: successfully reloaded assembly
- Completed reload, in  1.425 seconds
Platform modules already initialized, skipping
========================================================================
Worker process is ready to serve import requests
Launched and connected shader compiler UnityShaderCompiler.exe after 0.07 seconds
Refreshing native plugins compatible for Editor in 0.39 ms, found 2 plugins.
Preloading 0 native plugins for Editor in 0.00 ms.
Unloading 1390 Unused Serialized files (Serialized files now loaded: 0)
System memory in use before: 65.3 MB.
System memory in use after: 65.4 MB.

Unloading 19 unused Assets to reduce memory usage. Loaded Objects now: 1823.
Total: 2.871100 ms (FindLiveObjects: 0.213000 ms CreateObjectMapping: 0.119500 ms MarkObjects: 2.436900 ms  DeleteObjects: 0.099900 ms)

AssetImportParameters requested are different than current active one (requested -> active):
  custom:framework-win-MediaFoundation: 216162199b28c13a410421893ffa2e32 -> 
  custom:video-decoder-ogg-theora: a1e56fd34408186e4bbccfd4996cb3dc -> 
  custom:container-muxer-webm: aa71ff27fc2769a1b78a27578f13a17b -> 
  custom:container-demuxer-webm: 4f35f7cbe854078d1ac9338744f61a02 -> 
  custom:container-demuxer-ogg: 62fdf1f143b41e24485cea50d1cbac27 -> 
  custom:video-encoder-webm-vp8: eb34c28f22e8b96e1ab97ce403110664 -> 
  custom:video-codec-MediaFoundation-h265: 746d11721c4dcdbdad8f713fa42b33f4 -> 
  custom:video-decoder-webm-vp8: 9c59270c3fd7afecdb556c50c9e8de78 -> 
  custom:audio-decoder-ogg-vorbis: bf7c407c2cedff20999df2af8eb42d56 -> 
  custom:audio-encoder-webm-vorbis: bf7c407c2cedff20999df2af8eb42d56 -> 
========================================================================
Received Import Request.
  path: Assets/blank_card_saint_graal.fbx
  artifactKey: Guid(9aba41ac81fa8c840b837a3899a88ca5) Importer(815301076,1909f56bfc062723c751e8b465ee728b)
Start importing Assets/blank_card_saint_graal.fbx using Guid(9aba41ac81fa8c840b837a3899a88ca5) Importer(815301076,1909f56bfc062723c751e8b465ee728b)  -> (artifact id: 'ef774501685a5f2b43f646343aa7b60e') in 0.188165 seconds 
  Import took 0.192293 seconds .

========================================================================
Received Import Request.
  Time since last request: 65.284242 seconds.
  path: Assets/Material/New Material.mat
  artifactKey: Guid(23bbbcdb9047b6143978e6d3a4dc4277) Importer(815301076,1909f56bfc062723c751e8b465ee728b)
Start importing Assets/Material/New Material.mat using Guid(23bbbcdb9047b6143978e6d3a4dc4277) Importer(815301076,1909f56bfc062723c751e8b465ee728b)  -> (artifact id: '88bb5eaccda6a31755100b8d40c89f34') in 0.021737 seconds 
  Import took 0.025602 seconds .

========================================================================
Received Import Request.
  Time since last request: 16.355615 seconds.
  path: Assets/Scenes
  artifactKey: Guid(4f7e99189fa98f8458ea467581e52efa) Importer(815301076,1909f56bfc062723c751e8b465ee728b)
Start importing Assets/Scenes using Guid(4f7e99189fa98f8458ea467581e52efa) Importer(815301076,1909f56bfc062723c751e8b465ee728b)  -> (artifact id: '4dce2472d64ad67b6e0a9c4410b1f0e8') in 0.004343 seconds 
  Import took 0.007691 seconds .

========================================================================
Received Prepare
Registering precompiled user dll's ...
Registered in 0.008901 seconds.
Begin MonoManager ReloadAssembly
Native extension for WindowsStandalone target not found
Native extension for WebGL target not found
Refreshing native plugins compatible for Editor in 0.34 ms, found 2 plugins.
Preloading 0 native plugins for Editor in 0.00 ms.
Mono: successfully reloaded assembly
- Completed reload, in  1.523 seconds
Platform modules already initialized, skipping
Refreshing native plugins compatible for Editor in 0.40 ms, found 2 plugins.
Preloading 0 native plugins for Editor in 0.00 ms.
Unloading 1385 Unused Serialized files (Serialized files now loaded: 0)
System memory in use before: 68.7 MB.
System memory in use after: 68.8 MB.

Unloading 14 unused Assets to reduce memory usage. Loaded Objects now: 1869.
Total: 3.263400 ms (FindLiveObjects: 0.386500 ms CreateObjectMapping: 0.191700 ms MarkObjects: 2.615400 ms  DeleteObjects: 0.066700 ms)

AssetImportParameters requested are different than current active one (requested -> active):
  custom:framework-win-MediaFoundation: 216162199b28c13a410421893ffa2e32 -> 
  custom:video-decoder-ogg-theora: a1e56fd34408186e4bbccfd4996cb3dc -> 
  custom:container-muxer-webm: aa71ff27fc2769a1b78a27578f13a17b -> 
  custom:container-demuxer-webm: 4f35f7cbe854078d1ac9338744f61a02 -> 
  custom:container-demuxer-ogg: 62fdf1f143b41e24485cea50d1cbac27 -> 
  custom:video-encoder-webm-vp8: eb34c28f22e8b96e1ab97ce403110664 -> 
  custom:video-codec-MediaFoundation-h265: 746d11721c4dcdbdad8f713fa42b33f4 -> 
  custom:video-decoder-webm-vp8: 9c59270c3fd7afecdb556c50c9e8de78 -> 
  custom:audio-decoder-ogg-vorbis: bf7c407c2cedff20999df2af8eb42d56 -> 
  custom:audio-encoder-webm-vorbis: bf7c407c2cedff20999df2af8eb42d56 -> 
========================================================================
Received Import Request.
  Time since last request: 328.541055 seconds.
  path: Assets/Prefabs/Cards/blankcard.prefab
  artifactKey: Guid(e9a90c728175c3b4faa4f2a008fbe6ef) Importer(815301076,1909f56bfc062723c751e8b465ee728b)
Start importing Assets/Prefabs/Cards/blankcard.prefab using Guid(e9a90c728175c3b4faa4f2a008fbe6ef) Importer(815301076,1909f56bfc062723c751e8b465ee728b)  -> (artifact id: '21f609f4e297e88a907ea9696bc00d3c') in 0.090458 seconds 
  Import took 0.095077 seconds .

========================================================================
Received Import Request.
  Time since last request: 0.020665 seconds.
  path: Assets/Prefabs/Cards/blankcard.prefab
  artifactKey: Guid(e9a90c728175c3b4faa4f2a008fbe6ef) Importer(815301076,1909f56bfc062723c751e8b465ee728b)
Start importing Assets/Prefabs/Cards/blankcard.prefab using Guid(e9a90c728175c3b4faa4f2a008fbe6ef) Importer(815301076,1909f56bfc062723c751e8b465ee728b)  -> (artifact id: '21f609f4e297e88a907ea9696bc00d3c') in 0.019071 seconds 
  Import took 0.023704 seconds .

========================================================================
Received Import Request.
  Time since last request: 23.454338 seconds.
  path: Assets/Prefabs/Cards/blankcard.prefab
  artifactKey: Guid(e9a90c728175c3b4faa4f2a008fbe6ef) Importer(815301076,1909f56bfc062723c751e8b465ee728b)
Start importing Assets/Prefabs/Cards/blankcard.prefab using Guid(e9a90c728175c3b4faa4f2a008fbe6ef) Importer(815301076,1909f56bfc062723c751e8b465ee728b)  -> (artifact id: '961cf5f719cba5c6c7823ff8228aaa7c') in 0.018152 seconds 
  Import took 0.021802 seconds .

========================================================================
Received Import Request.
  Time since last request: 0.020102 seconds.
  path: Assets/Prefabs/Cards/blankcard.prefab
  artifactKey: Guid(e9a90c728175c3b4faa4f2a008fbe6ef) Importer(815301076,1909f56bfc062723c751e8b465ee728b)
Start importing Assets/Prefabs/Cards/blankcard.prefab using Guid(e9a90c728175c3b4faa4f2a008fbe6ef) Importer(815301076,1909f56bfc062723c751e8b465ee728b)  -> (artifact id: '961cf5f719cba5c6c7823ff8228aaa7c') in 0.016895 seconds 
  Import took 0.021337 seconds .

========================================================================
Received Import Request.
  Time since last request: 57.272237 seconds.
  path: Assets/Textures/Image1.png
  artifactKey: Guid(79cd70da1a50f524bb86464fff64dd15) Importer(815301076,1909f56bfc062723c751e8b465ee728b)
Start importing Assets/Textures/Image1.png using Guid(79cd70da1a50f524bb86464fff64dd15) Importer(815301076,1909f56bfc062723c751e8b465ee728b)  -> (artifact id: 'd085cab96ecea4f40e3b220def207fdf') in 0.086864 seconds 
  Import took 0.092209 seconds .

========================================================================
Received Import Request.
  Time since last request: 0.000579 seconds.
  path: Assets/Textures/Image8.png
  artifactKey: Guid(d589c857aa8879d46b9ad32a39c48985) Importer(815301076,1909f56bfc062723c751e8b465ee728b)
Start importing Assets/Textures/Image8.png using Guid(d589c857aa8879d46b9ad32a39c48985) Importer(815301076,1909f56bfc062723c751e8b465ee728b)  -> (artifact id: '06b082c9dc3166124cd4db97362b27f4') in 0.017071 seconds 
  Import took 0.021259 seconds .

========================================================================
Received Import Request.
  Time since last request: 0.000487 seconds.
  path: Assets/Textures/Image3.png
  artifactKey: Guid(d3aa55d1087722d40a2bd3467b60cc2e) Importer(815301076,1909f56bfc062723c751e8b465ee728b)
Start importing Assets/Textures/Image3.png using Guid(d3aa55d1087722d40a2bd3467b60cc2e) Importer(815301076,1909f56bfc062723c751e8b465ee728b)  -> (artifact id: '346e0288dde23ba2eac2d9e3fb2d60a7') in 0.014446 seconds 
  Import took 0.019383 seconds .

========================================================================
Received Import Request.
  Time since last request: 0.000426 seconds.
  path: Assets/Textures/Image9.png
  artifactKey: Guid(26831cc266f27364b9f84e636d7603b0) Importer(815301076,1909f56bfc062723c751e8b465ee728b)
Start importing Assets/Textures/Image9.png using Guid(26831cc266f27364b9f84e636d7603b0) Importer(815301076,1909f56bfc062723c751e8b465ee728b)  -> (artifact id: '161ed04b528ddca58214813fe324fb8c') in 0.015643 seconds 
  Import took 0.020636 seconds .

========================================================================
Received Import Request.
  Time since last request: 0.000564 seconds.
  path: Assets/Textures/Image13.png
  artifactKey: Guid(e92ff73bdcfdd6642b20287b10d4b54e) Importer(815301076,1909f56bfc062723c751e8b465ee728b)
Start importing Assets/Textures/Image13.png using Guid(e92ff73bdcfdd6642b20287b10d4b54e) Importer(815301076,1909f56bfc062723c751e8b465ee728b)  -> (artifact id: 'e90c81ecf94c526dd1367aa594830206') in 0.015404 seconds 
  Import took 0.020582 seconds .

========================================================================
Received Import Request.
  Time since last request: 0.000456 seconds.
  path: Assets/Textures/Image16.png
  artifactKey: Guid(7551a7ecc5351c0428f1a298a3150df4) Importer(815301076,1909f56bfc062723c751e8b465ee728b)
Start importing Assets/Textures/Image16.png using Guid(7551a7ecc5351c0428f1a298a3150df4) Importer(815301076,1909f56bfc062723c751e8b465ee728b)  -> (artifact id: '57039a909b95a644da73b8322c28b2ae') in 0.015561 seconds 
  Import took 0.020156 seconds .

========================================================================
Received Import Request.
  Time since last request: 0.000514 seconds.
  path: Assets/Textures/Image10.png
  artifactKey: Guid(7dba39d7d17fa3c4da826e08f6055cc2) Importer(815301076,1909f56bfc062723c751e8b465ee728b)
Start importing Assets/Textures/Image10.png using Guid(7dba39d7d17fa3c4da826e08f6055cc2) Importer(815301076,1909f56bfc062723c751e8b465ee728b)  -> (artifact id: 'b16561296d32f1cf230e9d47a57444fb') in 0.016744 seconds 
  Import took 0.021353 seconds .

========================================================================
Received Import Request.
  Time since last request: 0.000490 seconds.
  path: Assets/Textures/Image4.png
  artifactKey: Guid(d2433eecdbad4884eb971beac7a9276b) Importer(815301076,1909f56bfc062723c751e8b465ee728b)
Start importing Assets/Textures/Image4.png using Guid(d2433eecdbad4884eb971beac7a9276b) Importer(815301076,1909f56bfc062723c751e8b465ee728b)  -> (artifact id: '3b0a107e175470b2fced3df4c25e488a') in 0.020142 seconds 
  Import took 0.025627 seconds .

========================================================================
Received Import Request.
  Time since last request: 0.000419 seconds.
  path: Assets/Textures/Image12.png
  artifactKey: Guid(5c823e140b313f44bafa8ce0750ee2b1) Importer(815301076,1909f56bfc062723c751e8b465ee728b)
Start importing Assets/Textures/Image12.png using Guid(5c823e140b313f44bafa8ce0750ee2b1) Importer(815301076,1909f56bfc062723c751e8b465ee728b)  -> (artifact id: '6a7ddc3f75d1e7313201f33952401477') in 0.015368 seconds 
  Import took 0.019121 seconds .

========================================================================
Received Import Request.
  Time since last request: 0.000417 seconds.
  path: Assets/Textures/Image5.png
  artifactKey: Guid(496e88d36867eb04fa8f17d3c55da532) Importer(815301076,1909f56bfc062723c751e8b465ee728b)
Start importing Assets/Textures/Image5.png using Guid(496e88d36867eb04fa8f17d3c55da532) Importer(815301076,1909f56bfc062723c751e8b465ee728b)  -> (artifact id: 'a22a2000c225cc1d9e0750a03fc13c1c') in 0.014032 seconds 
  Import took 0.017218 seconds .

========================================================================
Received Import Request.
  Time since last request: 0.000312 seconds.
  path: Assets/Textures/Image14.png
  artifactKey: Guid(90bda5181e40315428f3b633f69fc198) Importer(815301076,1909f56bfc062723c751e8b465ee728b)
Start importing Assets/Textures/Image14.png using Guid(90bda5181e40315428f3b633f69fc198) Importer(815301076,1909f56bfc062723c751e8b465ee728b)  -> (artifact id: '07d9c7fd231eabd126f0efb352e46c44') in 0.013038 seconds 
  Import took 0.016096 seconds .

========================================================================
Received Import Request.
  Time since last request: 0.000333 seconds.
  path: Assets/Textures/Image15.png
  artifactKey: Guid(c439c33767152374fb92b170f49af0f1) Importer(815301076,1909f56bfc062723c751e8b465ee728b)
Start importing Assets/Textures/Image15.png using Guid(c439c33767152374fb92b170f49af0f1) Importer(815301076,1909f56bfc062723c751e8b465ee728b)  -> (artifact id: '88182da1078afc928a97f752fbca261e') in 0.012631 seconds 
  Import took 0.016730 seconds .

========================================================================
Received Import Request.
  Time since last request: 0.000500 seconds.
  path: Assets/Textures/Image11.png
  artifactKey: Guid(1b7a572733abfd7428db3429aa4ac021) Importer(815301076,1909f56bfc062723c751e8b465ee728b)
Start importing Assets/Textures/Image11.png using Guid(1b7a572733abfd7428db3429aa4ac021) Importer(815301076,1909f56bfc062723c751e8b465ee728b)  -> (artifact id: '2edc972d8c7a399212ea5714b8ac2bf1') in 0.013290 seconds 
  Import took 0.016833 seconds .

========================================================================
Received Import Request.
  Time since last request: 0.000351 seconds.
  path: Assets/Textures/Image1.png
  artifactKey: Guid(79cd70da1a50f524bb86464fff64dd15) Importer(815301076,1909f56bfc062723c751e8b465ee728b)
Start importing Assets/Textures/Image1.png using Guid(79cd70da1a50f524bb86464fff64dd15) Importer(815301076,1909f56bfc062723c751e8b465ee728b)  -> (artifact id: 'd085cab96ecea4f40e3b220def207fdf') in 0.012212 seconds 
  Import took 0.015668 seconds .

========================================================================
Received Import Request.
  Time since last request: 0.000365 seconds.
  path: Assets/Textures/Image7.png
  artifactKey: Guid(1104d30d2b40d1049961cdd34fe1df6c) Importer(815301076,1909f56bfc062723c751e8b465ee728b)
Start importing Assets/Textures/Image7.png using Guid(1104d30d2b40d1049961cdd34fe1df6c) Importer(815301076,1909f56bfc062723c751e8b465ee728b)  -> (artifact id: 'e8c3c9c96c9ae30c5df8ffc8b2bd49a6') in 0.013212 seconds 
  Import took 0.016432 seconds .

========================================================================
Received Import Request.
  Time since last request: 0.000336 seconds.
  path: Assets/Textures/Image2 1.png
  artifactKey: Guid(2ea23b677b3b2094982c64882365ee2b) Importer(815301076,1909f56bfc062723c751e8b465ee728b)
Start importing Assets/Textures/Image2 1.png using Guid(2ea23b677b3b2094982c64882365ee2b) Importer(815301076,1909f56bfc062723c751e8b465ee728b)  -> (artifact id: 'da091a15eaac974199ae8bbff00f879f') in 0.011950 seconds 
  Import took 0.014965 seconds .

========================================================================
Received Import Request.
  Time since last request: 0.000524 seconds.
  path: Assets/Textures/Image6.png
  artifactKey: Guid(8273c66a196542949a342e3483e27c4f) Importer(815301076,1909f56bfc062723c751e8b465ee728b)
Start importing Assets/Textures/Image6.png using Guid(8273c66a196542949a342e3483e27c4f) Importer(815301076,1909f56bfc062723c751e8b465ee728b)  -> (artifact id: '5739cad0d46186901f0def71d9e53e78') in 0.013433 seconds 
  Import took 0.016147 seconds .

========================================================================
Received Import Request.
  Time since last request: 26.503359 seconds.
  path: Assets/Textures/back.png
  artifactKey: Guid(de3fec68472a02948a89dfde2423b763) Importer(815301076,1909f56bfc062723c751e8b465ee728b)
Start importing Assets/Textures/back.png using Guid(de3fec68472a02948a89dfde2423b763) Importer(815301076,1909f56bfc062723c751e8b465ee728b)  -> (artifact id: 'fd2e80aa3a5cb20bf882a5f3fe74886a') in 0.011006 seconds 
  Import took 0.014724 seconds .

========================================================================
Received Import Request.
  Time since last request: 0.022712 seconds.
  path: Assets/Textures/back.png
  artifactKey: Guid(de3fec68472a02948a89dfde2423b763) Importer(815301076,1909f56bfc062723c751e8b465ee728b)
Start importing Assets/Textures/back.png using Guid(de3fec68472a02948a89dfde2423b763) Importer(815301076,1909f56bfc062723c751e8b465ee728b)  -> (artifact id: 'fd2e80aa3a5cb20bf882a5f3fe74886a') in 0.009399 seconds 
  Import took 0.013108 seconds .

========================================================================
Received Import Request.
  Time since last request: 8.439128 seconds.
  path: Assets/Textures/Image2.png
  artifactKey: Guid(2ea23b677b3b2094982c64882365ee2b) Importer(815301076,1909f56bfc062723c751e8b465ee728b)
Start importing Assets/Textures/Image2.png using Guid(2ea23b677b3b2094982c64882365ee2b) Importer(815301076,1909f56bfc062723c751e8b465ee728b)  -> (artifact id: '2e937b9ab5f8cc0c3a5221f0c9d87f35') in 0.010722 seconds 
  Import took 0.014887 seconds .

========================================================================
Received Import Request.
  Time since last request: 0.031931 seconds.
  path: Assets/Textures/Image2.png
  artifactKey: Guid(2ea23b677b3b2094982c64882365ee2b) Importer(815301076,1909f56bfc062723c751e8b465ee728b)
Start importing Assets/Textures/Image2.png using Guid(2ea23b677b3b2094982c64882365ee2b) Importer(815301076,1909f56bfc062723c751e8b465ee728b)  -> (artifact id: '2e937b9ab5f8cc0c3a5221f0c9d87f35') in 0.018868 seconds 
  Import took 0.026168 seconds .

========================================================================
Received Import Request.
  Time since last request: 72.737679 seconds.
  path: Assets/Materials
  artifactKey: Guid(d104f306044e7c842999b83b02e0018b) Importer(815301076,1909f56bfc062723c751e8b465ee728b)
Start importing Assets/Materials using Guid(d104f306044e7c842999b83b02e0018b) Importer(815301076,1909f56bfc062723c751e8b465ee728b)  -> (artifact id: '7c9e2cc440be693725fd74770929d9d6') in 0.004902 seconds 
  Import took 0.009803 seconds .

========================================================================
Received Import Request.
  Time since last request: 0.127057 seconds.
  path: Assets/Materials/Image8.mat
  artifactKey: Guid(f622ae549b9950f46937abd9456dcbc5) Importer(815301076,1909f56bfc062723c751e8b465ee728b)
Start importing Assets/Materials/Image8.mat using Guid(f622ae549b9950f46937abd9456dcbc5) Importer(815301076,1909f56bfc062723c751e8b465ee728b)  -> (artifact id: '4c3ffe48f52a514396027dc9cdc8ad73') in 0.032686 seconds 
  Import took 0.036161 seconds .

========================================================================
Received Import Request.
  Time since last request: 82.982243 seconds.
  path: Assets/Materials/New Material.mat
  artifactKey: Guid(f2519fa3c10e0b84fa9824317b1cb62e) Importer(815301076,1909f56bfc062723c751e8b465ee728b)
Start importing Assets/Materials/New Material.mat using Guid(f2519fa3c10e0b84fa9824317b1cb62e) Importer(815301076,1909f56bfc062723c751e8b465ee728b)  -> (artifact id: '051ad1da49661f77b004b673febcafd7') in 0.014299 seconds 
  Import took 0.017527 seconds .

========================================================================
Received Import Request.
  Time since last request: 37.013629 seconds.
  path: Assets/Materials/hitbox_material.mat
  artifactKey: Guid(f2519fa3c10e0b84fa9824317b1cb62e) Importer(815301076,1909f56bfc062723c751e8b465ee728b)
Start importing Assets/Materials/hitbox_material.mat using Guid(f2519fa3c10e0b84fa9824317b1cb62e) Importer(815301076,1909f56bfc062723c751e8b465ee728b)  -> (artifact id: 'ce5da24ba90c916fd66f4e23047cc082') in 0.014635 seconds 
  Import took 0.018003 seconds .

========================================================================
Received Import Request.
  Time since last request: 18.440027 seconds.
  path: Assets/Materials/Cardback.mat
  artifactKey: Guid(63d24bab52986894c9ce9d36ebd41314) Importer(815301076,1909f56bfc062723c751e8b465ee728b)
Start importing Assets/Materials/Cardback.mat using Guid(63d24bab52986894c9ce9d36ebd41314) Importer(815301076,1909f56bfc062723c751e8b465ee728b)  -> (artifact id: 'd031dc82c8f3f83c95dd6cd6ab0d9f16') in 0.012486 seconds 
  Import took 0.015709 seconds .

========================================================================
Received Import Request.
  Time since last request: 56.802374 seconds.
  path: Assets/Materials/blank.mat
  artifactKey: Guid(676aaf64ee22c1e409cbd3a04348a061) Importer(815301076,1909f56bfc062723c751e8b465ee728b)
Start importing Assets/Materials/blank.mat using Guid(676aaf64ee22c1e409cbd3a04348a061) Importer(815301076,1909f56bfc062723c751e8b465ee728b)  -> (artifact id: 'f288369e5256a9b97bf5b57112df279b') in 0.013359 seconds 
  Import took 0.018766 seconds .

========================================================================
Received Import Request.
  Time since last request: 35.137947 seconds.
  path: Assets/Prefabs/Cards/blankcard 1.prefab
  artifactKey: Guid(1ad8d971c6d5b8547b6f15a90498d22c) Importer(815301076,1909f56bfc062723c751e8b465ee728b)
Start importing Assets/Prefabs/Cards/blankcard 1.prefab using Guid(1ad8d971c6d5b8547b6f15a90498d22c) Importer(815301076,1909f56bfc062723c751e8b465ee728b)  -> (artifact id: 'caadbdb61267c0ba8d7b5e2da08bf31a') in 0.016200 seconds 
  Import took 0.019562 seconds .

========================================================================
Received Import Request.
  Time since last request: 0.020141 seconds.
  path: Assets/Prefabs/Cards/blankcard 1.prefab
  artifactKey: Guid(1ad8d971c6d5b8547b6f15a90498d22c) Importer(815301076,1909f56bfc062723c751e8b465ee728b)
Start importing Assets/Prefabs/Cards/blankcard 1.prefab using Guid(1ad8d971c6d5b8547b6f15a90498d22c) Importer(815301076,1909f56bfc062723c751e8b465ee728b)  -> (artifact id: 'caadbdb61267c0ba8d7b5e2da08bf31a') in 0.015955 seconds 
  Import took 0.019718 seconds .

========================================================================
Received Import Request.
  Time since last request: 21.426969 seconds.
  path: Assets/Prefabs/Cards/blankcard.prefab
  artifactKey: Guid(1ad8d971c6d5b8547b6f15a90498d22c) Importer(815301076,1909f56bfc062723c751e8b465ee728b)
Start importing Assets/Prefabs/Cards/blankcard.prefab using Guid(1ad8d971c6d5b8547b6f15a90498d22c) Importer(815301076,1909f56bfc062723c751e8b465ee728b)  -> (artifact id: '58b2cffccfce0cf04b92f079f6703a80') in 0.012497 seconds 
  Import took 0.015716 seconds .

========================================================================
Received Import Request.
  Time since last request: 0.023837 seconds.
  path: Assets/Prefabs/Cards/blankcard.prefab
  artifactKey: Guid(1ad8d971c6d5b8547b6f15a90498d22c) Importer(815301076,1909f56bfc062723c751e8b465ee728b)
Start importing Assets/Prefabs/Cards/blankcard.prefab using Guid(1ad8d971c6d5b8547b6f15a90498d22c) Importer(815301076,1909f56bfc062723c751e8b465ee728b)  -> (artifact id: '58b2cffccfce0cf04b92f079f6703a80') in 0.019314 seconds 
  Import took 0.026228 seconds .

========================================================================
Received Import Request.
  Time since last request: 57.443295 seconds.
  path: Assets/Materials/Kobold.mat
  artifactKey: Guid(f622ae549b9950f46937abd9456dcbc5) Importer(815301076,1909f56bfc062723c751e8b465ee728b)
Start importing Assets/Materials/Kobold.mat using Guid(f622ae549b9950f46937abd9456dcbc5) Importer(815301076,1909f56bfc062723c751e8b465ee728b)  -> (artifact id: '5511b1399d8f8403d7b093be634db295') in 0.017724 seconds 
  Import took 0.022535 seconds .

========================================================================
Received Import Request.
  Time since last request: 80.565358 seconds.
  path: Assets/Prefabs/Cards/kobold Variant.prefab
  artifactKey: Guid(8b00d044466f88148a5e6e493ee42147) Importer(815301076,1909f56bfc062723c751e8b465ee728b)
Start importing Assets/Prefabs/Cards/kobold Variant.prefab using Guid(8b00d044466f88148a5e6e493ee42147) Importer(815301076,1909f56bfc062723c751e8b465ee728b)  -> (artifact id: '61aa91404e1d17191f16f5f19f139e51') in 0.017307 seconds 
  Import took 0.021368 seconds .

========================================================================
Received Import Request.
  Time since last request: 0.017494 seconds.
  path: Assets/Prefabs/Cards/kobold Variant.prefab
  artifactKey: Guid(8b00d044466f88148a5e6e493ee42147) Importer(815301076,1909f56bfc062723c751e8b465ee728b)
Start importing Assets/Prefabs/Cards/kobold Variant.prefab using Guid(8b00d044466f88148a5e6e493ee42147) Importer(815301076,1909f56bfc062723c751e8b465ee728b)  -> (artifact id: '61aa91404e1d17191f16f5f19f139e51') in 0.015339 seconds 
  Import took 0.020557 seconds .

========================================================================
Received Import Request.
  Time since last request: 10.372932 seconds.
  path: Assets/Prefabs/Cards/blankcard.prefab
  artifactKey: Guid(1ad8d971c6d5b8547b6f15a90498d22c) Importer(815301076,1909f56bfc062723c751e8b465ee728b)
Start importing Assets/Prefabs/Cards/blankcard.prefab using Guid(1ad8d971c6d5b8547b6f15a90498d22c) Importer(815301076,1909f56bfc062723c751e8b465ee728b)  -> (artifact id: '0a724af27e07546fb83cad400f71da29') in 0.014247 seconds 
  Import took 0.017311 seconds .

========================================================================
Received Import Request.
  Time since last request: 0.000491 seconds.
  path: Assets/Prefabs/Cards/kobold Variant.prefab
  artifactKey: Guid(8b00d044466f88148a5e6e493ee42147) Importer(815301076,1909f56bfc062723c751e8b465ee728b)
Start importing Assets/Prefabs/Cards/kobold Variant.prefab using Guid(8b00d044466f88148a5e6e493ee42147) Importer(815301076,1909f56bfc062723c751e8b465ee728b)  -> (artifact id: '7675ef56fa802bb4208ff2de70815788') in 0.016158 seconds 
  Import took 0.019996 seconds .

========================================================================
Received Import Request.
  Time since last request: 0.000460 seconds.
  path: Assets/Prefabs/Cards/blankcard.prefab
  artifactKey: Guid(1ad8d971c6d5b8547b6f15a90498d22c) Importer(815301076,1909f56bfc062723c751e8b465ee728b)
Start importing Assets/Prefabs/Cards/blankcard.prefab using Guid(1ad8d971c6d5b8547b6f15a90498d22c) Importer(815301076,1909f56bfc062723c751e8b465ee728b)  -> (artifact id: '0a724af27e07546fb83cad400f71da29') in 0.016420 seconds 
  Import took 0.019702 seconds .

========================================================================
Received Import Request.
  Time since last request: 50.677976 seconds.
  path: Assets/Prefabs/Cards/kobold Variant.prefab
  artifactKey: Guid(8b00d044466f88148a5e6e493ee42147) Importer(815301076,1909f56bfc062723c751e8b465ee728b)
Start importing Assets/Prefabs/Cards/kobold Variant.prefab using Guid(8b00d044466f88148a5e6e493ee42147) Importer(815301076,1909f56bfc062723c751e8b465ee728b)  -> (artifact id: 'a3315b25cceddf688bb9556b3b99b023') in 0.019829 seconds 
  Import took 0.023014 seconds .

========================================================================
Received Import Request.
  Time since last request: 0.012691 seconds.
  path: Assets/Prefabs/Cards/kobold Variant.prefab
  artifactKey: Guid(8b00d044466f88148a5e6e493ee42147) Importer(815301076,1909f56bfc062723c751e8b465ee728b)
Start importing Assets/Prefabs/Cards/kobold Variant.prefab using Guid(8b00d044466f88148a5e6e493ee42147) Importer(815301076,1909f56bfc062723c751e8b465ee728b)  -> (artifact id: 'a3315b25cceddf688bb9556b3b99b023') in 0.018163 seconds 
  Import took 0.021600 seconds .

========================================================================
Received Import Request.
  Time since last request: 5.315489 seconds.
  path: Assets/Prefabs/Cards/kobold Variant.prefab
  artifactKey: Guid(8b00d044466f88148a5e6e493ee42147) Importer(815301076,1909f56bfc062723c751e8b465ee728b)
Start importing Assets/Prefabs/Cards/kobold Variant.prefab using Guid(8b00d044466f88148a5e6e493ee42147) Importer(815301076,1909f56bfc062723c751e8b465ee728b)  -> (artifact id: '27428ba1ec0ac29a9a4ca55367164781') in 0.019811 seconds 
  Import took 0.024711 seconds .

========================================================================
Received Import Request.
  Time since last request: 60.109108 seconds.
  path: Assets/Materials/Cardback.mat
  artifactKey: Guid(63d24bab52986894c9ce9d36ebd41314) Importer(815301076,1909f56bfc062723c751e8b465ee728b)
Start importing Assets/Materials/Cardback.mat using Guid(63d24bab52986894c9ce9d36ebd41314) Importer(815301076,1909f56bfc062723c751e8b465ee728b)  -> (artifact id: '155fddf2e147dd28386f1ff03a0e979b') in 0.014006 seconds 
  Import took 0.018709 seconds .

========================================================================
Received Import Request.
  Time since last request: 8.023483 seconds.
  path: Assets/Materials/moustache.mat
  artifactKey: Guid(45fd7f55dff31374491fbde91e9c34eb) Importer(815301076,1909f56bfc062723c751e8b465ee728b)
Start importing Assets/Materials/moustache.mat using Guid(45fd7f55dff31374491fbde91e9c34eb) Importer(815301076,1909f56bfc062723c751e8b465ee728b)  -> (artifact id: '0e9888acbef776004c262ccf9c22b5c9') in 0.011927 seconds 
  Import took 0.015010 seconds .

========================================================================
Received Import Request.
  Time since last request: 28.817091 seconds.
  path: Assets/Materials/gobelin.mat
  artifactKey: Guid(4baff9bb28639c5499658f8f17b722c6) Importer(815301076,1909f56bfc062723c751e8b465ee728b)
Start importing Assets/Materials/gobelin.mat using Guid(4baff9bb28639c5499658f8f17b722c6) Importer(815301076,1909f56bfc062723c751e8b465ee728b)  -> (artifact id: 'a52cb65de98eacf4391eef26d16ed16f') in 0.012856 seconds 
  Import took 0.016368 seconds .

========================================================================
Received Import Request.
  Time since last request: 22.403825 seconds.
  path: Assets/Materials/pioche.mat
  artifactKey: Guid(327b217043551b847a885910fa26e146) Importer(815301076,1909f56bfc062723c751e8b465ee728b)
Start importing Assets/Materials/pioche.mat using Guid(327b217043551b847a885910fa26e146) Importer(815301076,1909f56bfc062723c751e8b465ee728b)  -> (artifact id: '6e3d3b5b793a8eeeea16ceee21c1cc8b') in 0.014428 seconds 
  Import took 0.017465 seconds .

========================================================================
Received Import Request.
  Time since last request: 21.575479 seconds.
  path: Assets/Materials/New Material.mat
  artifactKey: Guid(4d9d6efb835f52145a7526f7434e61c9) Importer(815301076,1909f56bfc062723c751e8b465ee728b)
Start importing Assets/Materials/New Material.mat using Guid(4d9d6efb835f52145a7526f7434e61c9) Importer(815301076,1909f56bfc062723c751e8b465ee728b)  -> (artifact id: '2ac491255c5a55d92e64b88d7c08ac8f') in 0.012351 seconds 
  Import took 0.016436 seconds .

========================================================================
Received Import Request.
  Time since last request: 9.138201 seconds.
  path: Assets/Materials/émeraude.mat
  artifactKey: Guid(4d9d6efb835f52145a7526f7434e61c9) Importer(815301076,1909f56bfc062723c751e8b465ee728b)
Start importing Assets/Materials/émeraude.mat using Guid(4d9d6efb835f52145a7526f7434e61c9) Importer(815301076,1909f56bfc062723c751e8b465ee728b)  -> (artifact id: '54f27f8b38fe69916921f77c32a5f9de') in 0.014543 seconds 
  Import took 0.018531 seconds .

========================================================================
Received Import Request.
  Time since last request: 13.683315 seconds.
  path: Assets/Materials/New Material.mat
  artifactKey: Guid(60f747b1adb4c1146aa42dbbee6e4f7e) Importer(815301076,1909f56bfc062723c751e8b465ee728b)
Start importing Assets/Materials/New Material.mat using Guid(60f747b1adb4c1146aa42dbbee6e4f7e) Importer(815301076,1909f56bfc062723c751e8b465ee728b)  -> (artifact id: '70fa923afd880ae53a53f43e400d67e8') in 0.012217 seconds 
  Import took 0.015570 seconds .

========================================================================
Received Import Request.
  Time since last request: 13.489473 seconds.
  path: Assets/Materials/baguette.mat
  artifactKey: Guid(60f747b1adb4c1146aa42dbbee6e4f7e) Importer(815301076,1909f56bfc062723c751e8b465ee728b)
Start importing Assets/Materials/baguette.mat using Guid(60f747b1adb4c1146aa42dbbee6e4f7e) Importer(815301076,1909f56bfc062723c751e8b465ee728b)  -> (artifact id: 'e221fff3ca1d919b52af7de2b2741056') in 0.018234 seconds 
  Import took 0.022106 seconds .

========================================================================
Received Import Request.
  Time since last request: 7.008789 seconds.
  path: Assets/Materials/New Material.mat
  artifactKey: Guid(abc52711f014ddb4f9df83c26c3ddaae) Importer(815301076,1909f56bfc062723c751e8b465ee728b)
Start importing Assets/Materials/New Material.mat using Guid(abc52711f014ddb4f9df83c26c3ddaae) Importer(815301076,1909f56bfc062723c751e8b465ee728b)  -> (artifact id: '77583ca4e54f1573869f4fa69e354583') in 0.013615 seconds 
  Import took 0.018185 seconds .

========================================================================
Received Import Request.
  Time since last request: 8.285518 seconds.
  path: Assets/Materials/autel.mat
  artifactKey: Guid(abc52711f014ddb4f9df83c26c3ddaae) Importer(815301076,1909f56bfc062723c751e8b465ee728b)
Start importing Assets/Materials/autel.mat using Guid(abc52711f014ddb4f9df83c26c3ddaae) Importer(815301076,1909f56bfc062723c751e8b465ee728b)  -> (artifact id: 'e0f7a0870a5143c2c9e09885055c7819') in 0.014340 seconds 
  Import took 0.019362 seconds .

========================================================================
Received Import Request.
  Time since last request: 9.113635 seconds.
  path: Assets/Materials/New Material.mat
  artifactKey: Guid(8a3e9caeff10ca8499157ae3ff1ff4b8) Importer(815301076,1909f56bfc062723c751e8b465ee728b)
Start importing Assets/Materials/New Material.mat using Guid(8a3e9caeff10ca8499157ae3ff1ff4b8) Importer(815301076,1909f56bfc062723c751e8b465ee728b)  -> (artifact id: 'e4373d4a046aefeb741b7ee959c22444') in 0.011420 seconds 
  Import took 0.015805 seconds .

========================================================================
Received Import Request.
  Time since last request: 8.682029 seconds.
  path: Assets/Materials/moucharder.mat
  artifactKey: Guid(8a3e9caeff10ca8499157ae3ff1ff4b8) Importer(815301076,1909f56bfc062723c751e8b465ee728b)
Start importing Assets/Materials/moucharder.mat using Guid(8a3e9caeff10ca8499157ae3ff1ff4b8) Importer(815301076,1909f56bfc062723c751e8b465ee728b)  -> (artifact id: '69e076f86f1f86a475d10c4bb2796933') in 0.014604 seconds 
  Import took 0.018919 seconds .

========================================================================
Received Import Request.
  Time since last request: 6.022092 seconds.
  path: Assets/Materials/New Material.mat
  artifactKey: Guid(7399c6638877377458e75d6cb7867762) Importer(815301076,1909f56bfc062723c751e8b465ee728b)
Start importing Assets/Materials/New Material.mat using Guid(7399c6638877377458e75d6cb7867762) Importer(815301076,1909f56bfc062723c751e8b465ee728b)  -> (artifact id: '58cecba311fd966b51cc4d6658b7882b') in 0.014164 seconds 
  Import took 0.017623 seconds .

========================================================================
Received Import Request.
  Time since last request: 10.873795 seconds.
  path: Assets/Materials/mort aux trousses.mat
  artifactKey: Guid(7399c6638877377458e75d6cb7867762) Importer(815301076,1909f56bfc062723c751e8b465ee728b)
Start importing Assets/Materials/mort aux trousses.mat using Guid(7399c6638877377458e75d6cb7867762) Importer(815301076,1909f56bfc062723c751e8b465ee728b)  -> (artifact id: '6d952a86665d90a5e46f16f4b7084417') in 0.013607 seconds 
  Import took 0.017033 seconds .

========================================================================
Received Import Request.
  Time since last request: 4.845331 seconds.
  path: Assets/Materials/New Material.mat
  artifactKey: Guid(181c5bba5af895a4581cae23db2b40e3) Importer(815301076,1909f56bfc062723c751e8b465ee728b)
Start importing Assets/Materials/New Material.mat using Guid(181c5bba5af895a4581cae23db2b40e3) Importer(815301076,1909f56bfc062723c751e8b465ee728b)  -> (artifact id: '09adaa80d1677f8c402f5744aea97c24') in 0.011388 seconds 
  Import took 0.014261 seconds .

========================================================================
Received Import Request.
  Time since last request: 24.531469 seconds.
  path: Assets/Materials/Contourner.mat
  artifactKey: Guid(181c5bba5af895a4581cae23db2b40e3) Importer(815301076,1909f56bfc062723c751e8b465ee728b)
Start importing Assets/Materials/Contourner.mat using Guid(181c5bba5af895a4581cae23db2b40e3) Importer(815301076,1909f56bfc062723c751e8b465ee728b)  -> (artifact id: '52a50fd517f34d31cfa954c27d5bd02e') in 0.012323 seconds 
  Import took 0.014781 seconds .

========================================================================
Received Import Request.
  Time since last request: 6.507465 seconds.
  path: Assets/Materials/New Material.mat
  artifactKey: Guid(e53a33dbebe472a46868eb89a5110aa4) Importer(815301076,1909f56bfc062723c751e8b465ee728b)
Start importing Assets/Materials/New Material.mat using Guid(e53a33dbebe472a46868eb89a5110aa4) Importer(815301076,1909f56bfc062723c751e8b465ee728b)  -> (artifact id: 'a71b43357f73c7cd8a25d3b4da466a04') in 0.009364 seconds 
  Import took 0.011607 seconds .

========================================================================
Received Import Request.
  Time since last request: 7.486835 seconds.
  path: Assets/Materials/Cambrioler.mat
  artifactKey: Guid(e53a33dbebe472a46868eb89a5110aa4) Importer(815301076,1909f56bfc062723c751e8b465ee728b)
Start importing Assets/Materials/Cambrioler.mat using Guid(e53a33dbebe472a46868eb89a5110aa4) Importer(815301076,1909f56bfc062723c751e8b465ee728b)  -> (artifact id: 'f6e664735f9de4710601b85e3aa1335a') in 0.011209 seconds 
  Import took 0.013508 seconds .

========================================================================
Received Import Request.
  Time since last request: 4.099771 seconds.
  path: Assets/Materials/New Material.mat
  artifactKey: Guid(d6fe72dbc15175a4098ef08fa315cab7) Importer(815301076,1909f56bfc062723c751e8b465ee728b)
Start importing Assets/Materials/New Material.mat using Guid(d6fe72dbc15175a4098ef08fa315cab7) Importer(815301076,1909f56bfc062723c751e8b465ee728b)  -> (artifact id: '09ec20a08fd46f78f05fb89b0df3d9f7') in 0.007407 seconds 
  Import took 0.010513 seconds .

========================================================================
Received Import Request.
  Time since last request: 12.761807 seconds.
  path: Assets/Materials/Faux pas.mat
  artifactKey: Guid(d6fe72dbc15175a4098ef08fa315cab7) Importer(815301076,1909f56bfc062723c751e8b465ee728b)
Start importing Assets/Materials/Faux pas.mat using Guid(d6fe72dbc15175a4098ef08fa315cab7) Importer(815301076,1909f56bfc062723c751e8b465ee728b)  -> (artifact id: '411beabcc39d6d2a47db4574538f3aab') in 0.014297 seconds 
  Import took 0.016805 seconds .

========================================================================
Received Import Request.
  Time since last request: 5.352364 seconds.
  path: Assets/Materials/New Material.mat
  artifactKey: Guid(fcb52322a38d16f4d9f4586d8f2128c6) Importer(815301076,1909f56bfc062723c751e8b465ee728b)
Start importing Assets/Materials/New Material.mat using Guid(fcb52322a38d16f4d9f4586d8f2128c6) Importer(815301076,1909f56bfc062723c751e8b465ee728b)  -> (artifact id: '43239f42f69d6ddfe35e27accfea4bbb') in 0.008909 seconds 
  Import took 0.011738 seconds .

========================================================================
Received Import Request.
  Time since last request: 14.315857 seconds.
  path: Assets/Materials/livre des secrets.mat
  artifactKey: Guid(fcb52322a38d16f4d9f4586d8f2128c6) Importer(815301076,1909f56bfc062723c751e8b465ee728b)
Start importing Assets/Materials/livre des secrets.mat using Guid(fcb52322a38d16f4d9f4586d8f2128c6) Importer(815301076,1909f56bfc062723c751e8b465ee728b)  -> (artifact id: '6529e848ef0e6549bd618089bda89704') in 0.014029 seconds 
  Import took 0.016848 seconds .

========================================================================
Received Import Request.
  Time since last request: 11.612175 seconds.
  path: Assets/Materials/mercenaire.mat
  artifactKey: Guid(1f633f79ba71b4a41ae952e305fd86b2) Importer(815301076,1909f56bfc062723c751e8b465ee728b)
Start importing Assets/Materials/mercenaire.mat using Guid(1f633f79ba71b4a41ae952e305fd86b2) Importer(815301076,1909f56bfc062723c751e8b465ee728b)  -> (artifact id: 'd22930a559fba6963d8815e1570cbe4b') in 0.008877 seconds 
  Import took 0.012148 seconds .

========================================================================
Received Import Request.
  Time since last request: 10.945407 seconds.
  path: Assets/Materials/Explorer.mat
  artifactKey: Guid(f9170f49a25474347acbc08bdbb7993b) Importer(815301076,1909f56bfc062723c751e8b465ee728b)
Start importing Assets/Materials/Explorer.mat using Guid(f9170f49a25474347acbc08bdbb7993b) Importer(815301076,1909f56bfc062723c751e8b465ee728b)  -> (artifact id: '3c9a1973e196f359ae3096bda4bf94ed') in 0.011545 seconds 
  Import took 0.014169 seconds .

========================================================================
Received Import Request.
  Time since last request: 5.620119 seconds.
  path: Assets/Materials/explorer.mat
  artifactKey: Guid(f9170f49a25474347acbc08bdbb7993b) Importer(815301076,1909f56bfc062723c751e8b465ee728b)
Start importing Assets/Materials/explorer.mat using Guid(f9170f49a25474347acbc08bdbb7993b) Importer(815301076,1909f56bfc062723c751e8b465ee728b)  -> (artifact id: '1484f37c55ba6823860e13bb6d0fe0fd') in 0.012394 seconds 
  Import took 0.014819 seconds .

========================================================================
Received Import Request.
  Time since last request: 5.206990 seconds.
  path: Assets/Materials/faux pas.mat
  artifactKey: Guid(d6fe72dbc15175a4098ef08fa315cab7) Importer(815301076,1909f56bfc062723c751e8b465ee728b)
Start importing Assets/Materials/faux pas.mat using Guid(d6fe72dbc15175a4098ef08fa315cab7) Importer(815301076,1909f56bfc062723c751e8b465ee728b)  -> (artifact id: '84279178cf5672b2864d7b2c19f6f843') in 0.010828 seconds 
  Import took 0.014210 seconds .

========================================================================
Received Import Request.
  Time since last request: 3.611430 seconds.
  path: Assets/Materials/contourner.mat
  artifactKey: Guid(181c5bba5af895a4581cae23db2b40e3) Importer(815301076,1909f56bfc062723c751e8b465ee728b)
Start importing Assets/Materials/contourner.mat using Guid(181c5bba5af895a4581cae23db2b40e3) Importer(815301076,1909f56bfc062723c751e8b465ee728b)  -> (artifact id: '4bab9b1d1d559b44aea1f2699a637f1a') in 0.012326 seconds 
  Import took 0.014701 seconds .

========================================================================
Received Import Request.
  Time since last request: 7.484841 seconds.
  path: Assets/Materials/cambrioler.mat
  artifactKey: Guid(e53a33dbebe472a46868eb89a5110aa4) Importer(815301076,1909f56bfc062723c751e8b465ee728b)
Start importing Assets/Materials/cambrioler.mat using Guid(e53a33dbebe472a46868eb89a5110aa4) Importer(815301076,1909f56bfc062723c751e8b465ee728b)  -> (artifact id: '71bc6d3a4ef19b3d05ecd2af6331a9ca') in 0.013090 seconds 
  Import took 0.015506 seconds .

========================================================================
Received Import Request.
  Time since last request: 10.918251 seconds.
  path: Assets/Materials/kobold.mat
  artifactKey: Guid(f622ae549b9950f46937abd9456dcbc5) Importer(815301076,1909f56bfc062723c751e8b465ee728b)
Start importing Assets/Materials/kobold.mat using Guid(f622ae549b9950f46937abd9456dcbc5) Importer(815301076,1909f56bfc062723c751e8b465ee728b)  -> (artifact id: 'fa998b59bb0c206c0fb3cdaf64cb0617') in 0.013460 seconds 
  Import took 0.015804 seconds .

========================================================================
Received Import Request.
  Time since last request: 98.284519 seconds.
  path: Assets/Prefabs/Cards/mmoustache Variant.prefab
  artifactKey: Guid(4a7e53f3396f7df42a5dce86cf1267f3) Importer(815301076,1909f56bfc062723c751e8b465ee728b)
Start importing Assets/Prefabs/Cards/mmoustache Variant.prefab using Guid(4a7e53f3396f7df42a5dce86cf1267f3) Importer(815301076,1909f56bfc062723c751e8b465ee728b)  -> (artifact id: '69c7bfc86cff52e7ada99c2804c7ba62') in 0.013668 seconds 
  Import took 0.016310 seconds .

========================================================================
Received Import Request.
  Time since last request: 0.006033 seconds.
  path: Assets/Prefabs/Cards/mmoustache Variant.prefab
  artifactKey: Guid(4a7e53f3396f7df42a5dce86cf1267f3) Importer(815301076,1909f56bfc062723c751e8b465ee728b)
Start importing Assets/Prefabs/Cards/mmoustache Variant.prefab using Guid(4a7e53f3396f7df42a5dce86cf1267f3) Importer(815301076,1909f56bfc062723c751e8b465ee728b)  -> (artifact id: '69c7bfc86cff52e7ada99c2804c7ba62') in 0.009055 seconds 
  Import took 0.013314 seconds .

========================================================================
Received Import Request.
  Time since last request: 26.032162 seconds.
  path: Assets/Prefabs/Cards/mmoustache Variant.prefab
  artifactKey: Guid(4a7e53f3396f7df42a5dce86cf1267f3) Importer(815301076,1909f56bfc062723c751e8b465ee728b)
Start importing Assets/Prefabs/Cards/mmoustache Variant.prefab using Guid(4a7e53f3396f7df42a5dce86cf1267f3) Importer(815301076,1909f56bfc062723c751e8b465ee728b)  -> (artifact id: '8ec010dc7e97dfc15e62d11225b21991') in 0.013142 seconds 
  Import took 0.016912 seconds .

========================================================================
Received Import Request.
  Time since last request: 199.093075 seconds.
  path: Assets/Prefabs/Cards/kobold Variant.prefab
  artifactKey: Guid(8b00d044466f88148a5e6e493ee42147) Importer(815301076,1909f56bfc062723c751e8b465ee728b)
Start importing Assets/Prefabs/Cards/kobold Variant.prefab using Guid(8b00d044466f88148a5e6e493ee42147) Importer(815301076,1909f56bfc062723c751e8b465ee728b)  -> (artifact id: 'f7beb4151c60688b81179bc4981c48f1') in 0.016207 seconds 
  Import took 0.019509 seconds .

========================================================================
Received Import Request.
  Time since last request: 0.002521 seconds.
  path: Assets/Prefabs/Cards/kobold Variant.prefab
  artifactKey: Guid(8b00d044466f88148a5e6e493ee42147) Importer(815301076,1909f56bfc062723c751e8b465ee728b)
Start importing Assets/Prefabs/Cards/kobold Variant.prefab using Guid(8b00d044466f88148a5e6e493ee42147) Importer(815301076,1909f56bfc062723c751e8b465ee728b)  -> (artifact id: 'f7beb4151c60688b81179bc4981c48f1') in 0.012582 seconds 
  Import took 0.015021 seconds .

========================================================================
Received Import Request.
  Time since last request: 9.542544 seconds.
  path: Assets/Prefabs/Cards/kobold Variant.prefab
  artifactKey: Guid(8b00d044466f88148a5e6e493ee42147) Importer(815301076,1909f56bfc062723c751e8b465ee728b)
Start importing Assets/Prefabs/Cards/kobold Variant.prefab using Guid(8b00d044466f88148a5e6e493ee42147) Importer(815301076,1909f56bfc062723c751e8b465ee728b)  -> (artifact id: '1878962a00d7243a9642dbbb2d1278ae') in 0.015116 seconds 
  Import took 0.018353 seconds .

========================================================================
Received Import Request.
  Time since last request: 42.522324 seconds.
  path: Assets/Prefabs/Cards/pioche Variant.prefab
  artifactKey: Guid(ed8c5a5c06510134ba910f90dc4ce780) Importer(815301076,1909f56bfc062723c751e8b465ee728b)
Start importing Assets/Prefabs/Cards/pioche Variant.prefab using Guid(ed8c5a5c06510134ba910f90dc4ce780) Importer(815301076,1909f56bfc062723c751e8b465ee728b)  -> (artifact id: 'c701d2355a023fb645450aa848e4ca34') in 0.015268 seconds 
  Import took 0.018055 seconds .

========================================================================
Received Import Request.
  Time since last request: 0.005498 seconds.
  path: Assets/Prefabs/Cards/pioche Variant.prefab
  artifactKey: Guid(ed8c5a5c06510134ba910f90dc4ce780) Importer(815301076,1909f56bfc062723c751e8b465ee728b)
Start importing Assets/Prefabs/Cards/pioche Variant.prefab using Guid(ed8c5a5c06510134ba910f90dc4ce780) Importer(815301076,1909f56bfc062723c751e8b465ee728b)  -> (artifact id: 'c701d2355a023fb645450aa848e4ca34') in 0.009937 seconds 
  Import took 0.013188 seconds .

========================================================================
Received Import Request.
  Time since last request: 37.177550 seconds.
  path: Assets/Prefabs/Cards/explorer Variant.prefab
  artifactKey: Guid(b06f4d1a23f878b4ab9aab609a52880d) Importer(815301076,1909f56bfc062723c751e8b465ee728b)
Start importing Assets/Prefabs/Cards/explorer Variant.prefab using Guid(b06f4d1a23f878b4ab9aab609a52880d) Importer(815301076,1909f56bfc062723c751e8b465ee728b)  -> (artifact id: 'b6a6d7c04e9bb9d0beeadfc18d1fccb0') in 0.013194 seconds 
  Import took 0.015964 seconds .

========================================================================
Received Import Request.
  Time since last request: 0.001434 seconds.
  path: Assets/Prefabs/Cards/explorer Variant.prefab
  artifactKey: Guid(b06f4d1a23f878b4ab9aab609a52880d) Importer(815301076,1909f56bfc062723c751e8b465ee728b)
Start importing Assets/Prefabs/Cards/explorer Variant.prefab using Guid(b06f4d1a23f878b4ab9aab609a52880d) Importer(815301076,1909f56bfc062723c751e8b465ee728b)  -> (artifact id: 'b6a6d7c04e9bb9d0beeadfc18d1fccb0') in 0.012285 seconds 
  Import took 0.014764 seconds .

========================================================================
Received Import Request.
  Time since last request: 39.118573 seconds.
  path: Assets/Prefabs/Cards/autel Variant.prefab
  artifactKey: Guid(955f82e4587e6b5439eae31f00248efd) Importer(815301076,1909f56bfc062723c751e8b465ee728b)
Start importing Assets/Prefabs/Cards/autel Variant.prefab using Guid(955f82e4587e6b5439eae31f00248efd) Importer(815301076,1909f56bfc062723c751e8b465ee728b)  -> (artifact id: '2e5890fc3607daa0a5c1c92ee94293c0') in 0.015396 seconds 
  Import took 0.018140 seconds .

========================================================================
Received Import Request.
  Time since last request: 0.001145 seconds.
  path: Assets/Prefabs/Cards/autel Variant.prefab
  artifactKey: Guid(955f82e4587e6b5439eae31f00248efd) Importer(815301076,1909f56bfc062723c751e8b465ee728b)
Start importing Assets/Prefabs/Cards/autel Variant.prefab using Guid(955f82e4587e6b5439eae31f00248efd) Importer(815301076,1909f56bfc062723c751e8b465ee728b)  -> (artifact id: '2e5890fc3607daa0a5c1c92ee94293c0') in 0.012401 seconds 
  Import took 0.014794 seconds .

========================================================================
Received Import Request.
  Time since last request: 27.498816 seconds.
  path: Assets/Prefabs/Cards/baguette Variant.prefab
  artifactKey: Guid(80827ade12ed7344a95aa92d435e89c7) Importer(815301076,1909f56bfc062723c751e8b465ee728b)
Start importing Assets/Prefabs/Cards/baguette Variant.prefab using Guid(80827ade12ed7344a95aa92d435e89c7) Importer(815301076,1909f56bfc062723c751e8b465ee728b)  -> (artifact id: 'fd73ff4ccf6ab1959edee4d0b175773e') in 0.016997 seconds 
  Import took 0.019573 seconds .

========================================================================
Received Import Request.
  Time since last request: 0.000984 seconds.
  path: Assets/Prefabs/Cards/baguette Variant.prefab
  artifactKey: Guid(80827ade12ed7344a95aa92d435e89c7) Importer(815301076,1909f56bfc062723c751e8b465ee728b)
Start importing Assets/Prefabs/Cards/baguette Variant.prefab using Guid(80827ade12ed7344a95aa92d435e89c7) Importer(815301076,1909f56bfc062723c751e8b465ee728b)  -> (artifact id: 'fd73ff4ccf6ab1959edee4d0b175773e') in 0.012466 seconds 
  Import took 0.015180 seconds .

========================================================================
Received Import Request.
  Time since last request: 25.938620 seconds.
  path: Assets/Prefabs/Cards/cambrioler Variant.prefab
  artifactKey: Guid(5c6ea976036760341aac66169cb37ea7) Importer(815301076,1909f56bfc062723c751e8b465ee728b)
Start importing Assets/Prefabs/Cards/cambrioler Variant.prefab using Guid(5c6ea976036760341aac66169cb37ea7) Importer(815301076,1909f56bfc062723c751e8b465ee728b)  -> (artifact id: 'a2cce06c5ee634ccb7b77e436bf02b24') in 0.013199 seconds 
  Import took 0.017174 seconds .

========================================================================
Received Import Request.
  Time since last request: 0.002864 seconds.
  path: Assets/Prefabs/Cards/cambrioler Variant.prefab
  artifactKey: Guid(5c6ea976036760341aac66169cb37ea7) Importer(815301076,1909f56bfc062723c751e8b465ee728b)
Start importing Assets/Prefabs/Cards/cambrioler Variant.prefab using Guid(5c6ea976036760341aac66169cb37ea7) Importer(815301076,1909f56bfc062723c751e8b465ee728b)  -> (artifact id: 'a2cce06c5ee634ccb7b77e436bf02b24') in 0.012650 seconds 
  Import took 0.015796 seconds .

========================================================================
Received Import Request.
  Time since last request: 28.425237 seconds.
  path: Assets/Prefabs/Cards/contourner Variant.prefab
  artifactKey: Guid(218be2f775139d9488ba7fc52e380689) Importer(815301076,1909f56bfc062723c751e8b465ee728b)
Start importing Assets/Prefabs/Cards/contourner Variant.prefab using Guid(218be2f775139d9488ba7fc52e380689) Importer(815301076,1909f56bfc062723c751e8b465ee728b)  -> (artifact id: '9cfc0a04383ca65cde64f3a3f0b2aef6') in 0.014705 seconds 
  Import took 0.017149 seconds .

========================================================================
Received Import Request.
  Time since last request: 0.006149 seconds.
  path: Assets/Prefabs/Cards/contourner Variant.prefab
  artifactKey: Guid(218be2f775139d9488ba7fc52e380689) Importer(815301076,1909f56bfc062723c751e8b465ee728b)
Start importing Assets/Prefabs/Cards/contourner Variant.prefab using Guid(218be2f775139d9488ba7fc52e380689) Importer(815301076,1909f56bfc062723c751e8b465ee728b)  -> (artifact id: '9cfc0a04383ca65cde64f3a3f0b2aef6') in 0.009322 seconds 
  Import took 0.011761 seconds .

========================================================================
Received Import Request.
  Time since last request: 20.965048 seconds.
  path: Assets/Prefabs/Cards/faux pas Variant.prefab
  artifactKey: Guid(b8449df5bf8df214f8d004dcc3d3cfd7) Importer(815301076,1909f56bfc062723c751e8b465ee728b)
Start importing Assets/Prefabs/Cards/faux pas Variant.prefab using Guid(b8449df5bf8df214f8d004dcc3d3cfd7) Importer(815301076,1909f56bfc062723c751e8b465ee728b)  -> (artifact id: '94c811c496a822088054c639b84b2b41') in 0.019708 seconds 
  Import took 0.023522 seconds .

========================================================================
Received Import Request.
  Time since last request: 0.004647 seconds.
  path: Assets/Prefabs/Cards/faux pas Variant.prefab
  artifactKey: Guid(b8449df5bf8df214f8d004dcc3d3cfd7) Importer(815301076,1909f56bfc062723c751e8b465ee728b)
Start importing Assets/Prefabs/Cards/faux pas Variant.prefab using Guid(b8449df5bf8df214f8d004dcc3d3cfd7) Importer(815301076,1909f56bfc062723c751e8b465ee728b)  -> (artifact id: '94c811c496a822088054c639b84b2b41') in 0.012391 seconds 
  Import took 0.014861 seconds .

========================================================================
Received Import Request.
  Time since last request: 23.454488 seconds.
  path: Assets/Prefabs/Cards/gobelin Variant.prefab
  artifactKey: Guid(35584bde85530694a8b6801367f60f7b) Importer(815301076,1909f56bfc062723c751e8b465ee728b)
Start importing Assets/Prefabs/Cards/gobelin Variant.prefab using Guid(35584bde85530694a8b6801367f60f7b) Importer(815301076,1909f56bfc062723c751e8b465ee728b)  -> (artifact id: '1256af63f25539d1ba3e1311651251aa') in 0.014098 seconds 
  Import took 0.017075 seconds .

========================================================================
Received Import Request.
  Time since last request: 0.002409 seconds.
  path: Assets/Prefabs/Cards/gobelin Variant.prefab
  artifactKey: Guid(35584bde85530694a8b6801367f60f7b) Importer(815301076,1909f56bfc062723c751e8b465ee728b)
Start importing Assets/Prefabs/Cards/gobelin Variant.prefab using Guid(35584bde85530694a8b6801367f60f7b) Importer(815301076,1909f56bfc062723c751e8b465ee728b)  -> (artifact id: '1256af63f25539d1ba3e1311651251aa') in 0.010745 seconds 
  Import took 0.013352 seconds .

========================================================================
Received Import Request.
  Time since last request: 35.348731 seconds.
  path: Assets/Prefabs/Cards/livre des secrets Variant.prefab
  artifactKey: Guid(23df7029cb235e946b58c2626efe1944) Importer(815301076,1909f56bfc062723c751e8b465ee728b)
Start importing Assets/Prefabs/Cards/livre des secrets Variant.prefab using Guid(23df7029cb235e946b58c2626efe1944) Importer(815301076,1909f56bfc062723c751e8b465ee728b)  -> (artifact id: '3f14b6af402433985d4b0f33acf6e20d') in 0.013656 seconds 
  Import took 0.016469 seconds .

========================================================================
Received Import Request.
  Time since last request: 0.005813 seconds.
  path: Assets/Prefabs/Cards/livre des secrets Variant.prefab
  artifactKey: Guid(23df7029cb235e946b58c2626efe1944) Importer(815301076,1909f56bfc062723c751e8b465ee728b)
Start importing Assets/Prefabs/Cards/livre des secrets Variant.prefab using Guid(23df7029cb235e946b58c2626efe1944) Importer(815301076,1909f56bfc062723c751e8b465ee728b)  -> (artifact id: '3f14b6af402433985d4b0f33acf6e20d') in 0.011976 seconds 
  Import took 0.014600 seconds .

========================================================================
Received Import Request.
  Time since last request: 25.700596 seconds.
  path: Assets/Prefabs/Cards/mercenaire Variant.prefab
  artifactKey: Guid(60d782f27b5258d4899d8157973e9f8e) Importer(815301076,1909f56bfc062723c751e8b465ee728b)
Start importing Assets/Prefabs/Cards/mercenaire Variant.prefab using Guid(60d782f27b5258d4899d8157973e9f8e) Importer(815301076,1909f56bfc062723c751e8b465ee728b)  -> (artifact id: '7074f1c6d805bcc830dd08df87680c21') in 0.013340 seconds 
  Import took 0.016082 seconds .

========================================================================
Received Import Request.
  Time since last request: 0.006823 seconds.
  path: Assets/Prefabs/Cards/mercenaire Variant.prefab
  artifactKey: Guid(60d782f27b5258d4899d8157973e9f8e) Importer(815301076,1909f56bfc062723c751e8b465ee728b)
Start importing Assets/Prefabs/Cards/mercenaire Variant.prefab using Guid(60d782f27b5258d4899d8157973e9f8e) Importer(815301076,1909f56bfc062723c751e8b465ee728b)  -> (artifact id: '7074f1c6d805bcc830dd08df87680c21') in 0.010272 seconds 
  Import took 0.013423 seconds .

========================================================================
Received Import Request.
  Time since last request: 20.662393 seconds.
  path: Assets/Prefabs/Cards/mort aux trousses Variant.prefab
  artifactKey: Guid(f6d5af7bc1224514d9c86c954a7597a7) Importer(815301076,1909f56bfc062723c751e8b465ee728b)
Start importing Assets/Prefabs/Cards/mort aux trousses Variant.prefab using Guid(f6d5af7bc1224514d9c86c954a7597a7) Importer(815301076,1909f56bfc062723c751e8b465ee728b)  -> (artifact id: '4cbc058df326b8b452364a6a084bf784') in 0.016856 seconds 
  Import took 0.022461 seconds .

========================================================================
Received Import Request.
  Time since last request: 0.003201 seconds.
  path: Assets/Prefabs/Cards/mort aux trousses Variant.prefab
  artifactKey: Guid(f6d5af7bc1224514d9c86c954a7597a7) Importer(815301076,1909f56bfc062723c751e8b465ee728b)
Start importing Assets/Prefabs/Cards/mort aux trousses Variant.prefab using Guid(f6d5af7bc1224514d9c86c954a7597a7) Importer(815301076,1909f56bfc062723c751e8b465ee728b)  -> (artifact id: '4cbc058df326b8b452364a6a084bf784') in 0.010066 seconds 
  Import took 0.013322 seconds .

========================================================================
Received Import Request.
  Time since last request: 23.099178 seconds.
  path: Assets/Prefabs/Cards/moucharder Variant.prefab
  artifactKey: Guid(c327fc7a306639d40b0e01c5105e1701) Importer(815301076,1909f56bfc062723c751e8b465ee728b)
Start importing Assets/Prefabs/Cards/moucharder Variant.prefab using Guid(c327fc7a306639d40b0e01c5105e1701) Importer(815301076,1909f56bfc062723c751e8b465ee728b)  -> (artifact id: '8cb2ac204a1af2acb3c832493022f8ea') in 0.014064 seconds 
  Import took 0.019501 seconds .

========================================================================
Received Import Request.
  Time since last request: 0.005377 seconds.
  path: Assets/Prefabs/Cards/moucharder Variant.prefab
  artifactKey: Guid(c327fc7a306639d40b0e01c5105e1701) Importer(815301076,1909f56bfc062723c751e8b465ee728b)
Start importing Assets/Prefabs/Cards/moucharder Variant.prefab using Guid(c327fc7a306639d40b0e01c5105e1701) Importer(815301076,1909f56bfc062723c751e8b465ee728b)  -> (artifact id: '8cb2ac204a1af2acb3c832493022f8ea') in 0.012182 seconds 
  Import took 0.014580 seconds .

========================================================================
Received Import Request.
  Time since last request: 33.115051 seconds.
  path: Assets/Prefabs/Cards/emeraude Variant.prefab
  artifactKey: Guid(59c7e75f41535c645a625961a815cf6d) Importer(815301076,1909f56bfc062723c751e8b465ee728b)
Start importing Assets/Prefabs/Cards/emeraude Variant.prefab using Guid(59c7e75f41535c645a625961a815cf6d) Importer(815301076,1909f56bfc062723c751e8b465ee728b)  -> (artifact id: '34c199cb0a12d91e0697adddd87037a3') in 0.015006 seconds 
  Import took 0.018073 seconds .

========================================================================
Received Import Request.
  Time since last request: 0.002090 seconds.
  path: Assets/Prefabs/Cards/emeraude Variant.prefab
  artifactKey: Guid(59c7e75f41535c645a625961a815cf6d) Importer(815301076,1909f56bfc062723c751e8b465ee728b)
Start importing Assets/Prefabs/Cards/emeraude Variant.prefab using Guid(59c7e75f41535c645a625961a815cf6d) Importer(815301076,1909f56bfc062723c751e8b465ee728b)  -> (artifact id: '34c199cb0a12d91e0697adddd87037a3') in 0.012695 seconds 
  Import took 0.015308 seconds .

========================================================================
Received Import Request.
  Time since last request: 107.615178 seconds.
  path: Assets/Materials/se faufiler.mat
  artifactKey: Guid(d55db347f3b0ef145b3b83500eb5cef2) Importer(815301076,1909f56bfc062723c751e8b465ee728b)
Start importing Assets/Materials/se faufiler.mat using Guid(d55db347f3b0ef145b3b83500eb5cef2) Importer(815301076,1909f56bfc062723c751e8b465ee728b)  -> (artifact id: '1ed3cf1074a0f39e4797e07af2eae362') in 0.009925 seconds 
  Import took 0.013142 seconds .

========================================================================
Received Import Request.
  Time since last request: 32.519007 seconds.
  path: Assets/Prefabs/Cards/se faufiler Variant.prefab
  artifactKey: Guid(e6a272c7a2014494dad513c99a9a114b) Importer(815301076,1909f56bfc062723c751e8b465ee728b)
Start importing Assets/Prefabs/Cards/se faufiler Variant.prefab using Guid(e6a272c7a2014494dad513c99a9a114b) Importer(815301076,1909f56bfc062723c751e8b465ee728b)  -> (artifact id: 'a26b3aaaedcd90c72688fb982ffb0b84') in 0.014893 seconds 
  Import took 0.017384 seconds .

========================================================================
Received Import Request.
  Time since last request: 0.000830 seconds.
  path: Assets/Prefabs/Cards/se faufiler Variant.prefab
  artifactKey: Guid(e6a272c7a2014494dad513c99a9a114b) Importer(815301076,1909f56bfc062723c751e8b465ee728b)
Start importing Assets/Prefabs/Cards/se faufiler Variant.prefab using Guid(e6a272c7a2014494dad513c99a9a114b) Importer(815301076,1909f56bfc062723c751e8b465ee728b)  -> (artifact id: 'a26b3aaaedcd90c72688fb982ffb0b84') in 0.012570 seconds 
  Import took 0.014929 seconds .

